<?xml version="1.0" encoding="UTF-8"?>
<!-- Generated by org.testng.reporters.JUnitReportReporter -->
<testsuite skipped="0" hostname="s2pac" name="Domilexus.Login" tests="1" failures="0" timestamp="26 сен 2017 17:22:20 GMT" time="3.361" errors="0">
  <testcase name="testLogin" time="3.361" classname="Domilexus.Login"/>
</testsuite> <!-- Domilexus.Login -->
