<?xml version="1.0" encoding="UTF-8"?>
<!-- Generated by org.testng.reporters.JUnitReportReporter -->
<testsuite skipped="0" hostname="s2pac" name="Domilexus.Login" tests="1" failures="0" timestamp="26 сен 2017 18:50:26 GMT" time="2.962" errors="0">
  <testcase name="testLogin" time="2.962" classname="Domilexus.Login"/>
</testsuite> <!-- Domilexus.Login -->
