<?xml version="1.0" encoding="UTF-8"?>
<!-- Generated by org.testng.reporters.JUnitReportReporter -->
<testsuite skipped="0" hostname="s2pac" name="Domilexus.Login" tests="1" failures="0" timestamp="18 окт 2017 18:41:14 GMT" time="9.430" errors="0">
  <testcase name="testLogin" time="9.430" classname="Domilexus.Login"/>
</testsuite> <!-- Domilexus.Login -->
