<?xml version="1.0" encoding="UTF-8"?>
<!-- Generated by org.testng.reporters.JUnitReportReporter -->
<testsuite skipped="0" hostname="s2pac" name="Domilexus.SampleTestNgTest" tests="1" failures="0" timestamp="26 сен 2017 17:20:44 GMT" time="16.421" errors="0">
  <testcase name="testHomePageHasAHeader" time="16.421" classname="Domilexus.SampleTestNgTest"/>
</testsuite> <!-- Domilexus.SampleTestNgTest -->
